<?xml version="1.0" encoding="UTF-8" ?>
<testsuites disabled="0" errors="0" failures="53" tests="6" time="1117683">
 <testsuite name="Page load" timestamp="2018-08-17T17:09:31" hostname="localhost" time="0" errors="0" tests="0" skipped="0" disabled="0" failures="0">
 </testsuite>
 <testsuite name="M&amp;B FPI-LPI Page" timestamp="2018-08-17T17:09:31" hostname="localhost" time="1117.683" errors="0" tests="6" skipped="0" disabled="0" failures="53">
  <testcase classname="M&amp;B FPI-LPI Page" name="should be matched Studies Box Plots value of Sponsor with the database value for the given filter options" time="423.077">
   <failure type="toBe" message="For the country ARGENTINA studies are not matched with the database: Actual-5 =/= Expected-8"><![CDATA[Error: Failed expectation
    at databaseConnect.then.dbResult (D:\PharmAcuity_AutomationTesting\pharmacuity-ui-automation\M&B-FPI_To_LPI\FPI_To_LPI.spec.js:172:53)
    at <anonymous>
    at process._tickCallback (internal/process/next_tick.js:188:7)]]>
   </failure>
   <failure type="toBe" message="For the country AUSTRALIA studies are not matched with the database: Actual-17 =/= Expected-21"><![CDATA[Error: Failed expectation
    at databaseConnect.then.dbResult (D:\PharmAcuity_AutomationTesting\pharmacuity-ui-automation\M&B-FPI_To_LPI\FPI_To_LPI.spec.js:172:53)
    at <anonymous>
    at process._tickCallback (internal/process/next_tick.js:188:7)]]>
   </failure>
   <failure type="toBe" message="For the country AUSTRIA studies are not matched with the database: Actual-6 =/= Expected-9"><![CDATA[Error: Failed expectation
    at databaseConnect.then.dbResult (D:\PharmAcuity_AutomationTesting\pharmacuity-ui-automation\M&B-FPI_To_LPI\FPI_To_LPI.spec.js:172:53)
    at <anonymous>
    at process._tickCallback (internal/process/next_tick.js:188:7)]]>
   </failure>
   <failure type="toBe" message="For the country BELGIUM studies are not matched with the database: Actual-16 =/= Expected-21"><![CDATA[Error: Failed expectation
    at databaseConnect.then.dbResult (D:\PharmAcuity_AutomationTesting\pharmacuity-ui-automation\M&B-FPI_To_LPI\FPI_To_LPI.spec.js:172:53)
    at <anonymous>
    at process._tickCallback (internal/process/next_tick.js:188:7)]]>
   </failure>
   <failure type="toBe" message="For the country BOSNIA AND H... studies are not matched with the database: Actual-1 =/= Expected-2"><![CDATA[Error: Failed expectation
    at databaseConnect.then.dbResult (D:\PharmAcuity_AutomationTesting\pharmacuity-ui-automation\M&B-FPI_To_LPI\FPI_To_LPI.spec.js:172:53)
    at <anonymous>
    at process._tickCallback (internal/process/next_tick.js:188:7)]]>
   </failure>
   <failure type="toBe" message="For the country BRAZIL studies are not matched with the database: Actual-5 =/= Expected-10"><![CDATA[Error: Failed expectation
    at databaseConnect.then.dbResult (D:\PharmAcuity_AutomationTesting\pharmacuity-ui-automation\M&B-FPI_To_LPI\FPI_To_LPI.spec.js:172:53)
    at <anonymous>
    at process._tickCallback (internal/process/next_tick.js:188:7)]]>
   </failure>
   <failure type="toBe" message="For the country BULGARIA studies are not matched with the database: Actual-4 =/= Expected-5"><![CDATA[Error: Failed expectation
    at databaseConnect.then.dbResult (D:\PharmAcuity_AutomationTesting\pharmacuity-ui-automation\M&B-FPI_To_LPI\FPI_To_LPI.spec.js:172:53)
    at <anonymous>
    at process._tickCallback (internal/process/next_tick.js:188:7)]]>
   </failure>
   <failure type="toBe" message="For the country CANADA studies are not matched with the database: Actual-18 =/= Expected-28"><![CDATA[Error: Failed expectation
    at databaseConnect.then.dbResult (D:\PharmAcuity_AutomationTesting\pharmacuity-ui-automation\M&B-FPI_To_LPI\FPI_To_LPI.spec.js:172:53)
    at <anonymous>
    at process._tickCallback (internal/process/next_tick.js:188:7)]]>
   </failure>
   <failure type="toBe" message="For the country CHILE studies are not matched with the database: Actual-3 =/= Expected-4"><![CDATA[Error: Failed expectation
    at databaseConnect.then.dbResult (D:\PharmAcuity_AutomationTesting\pharmacuity-ui-automation\M&B-FPI_To_LPI\FPI_To_LPI.spec.js:172:53)
    at <anonymous>
    at process._tickCallback (internal/process/next_tick.js:188:7)]]>
   </failure>
   <failure type="toBe" message="For the country COLOMBIA studies are not matched with the database: Actual-1 =/= Expected-5"><![CDATA[Error: Failed expectation
    at databaseConnect.then.dbResult (D:\PharmAcuity_AutomationTesting\pharmacuity-ui-automation\M&B-FPI_To_LPI\FPI_To_LPI.spec.js:172:53)
    at <anonymous>
    at process._tickCallback (internal/process/next_tick.js:188:7)]]>
   </failure>
   <failure type="toBe" message="For the country CROATIA studies are not matched with the database: Actual-2 =/= Expected-4"><![CDATA[Error: Failed expectation
    at databaseConnect.then.dbResult (D:\PharmAcuity_AutomationTesting\pharmacuity-ui-automation\M&B-FPI_To_LPI\FPI_To_LPI.spec.js:172:53)
    at <anonymous>
    at process._tickCallback (internal/process/next_tick.js:188:7)]]>
   </failure>
   <failure type="toBe" message="For the country CZECH REPUBL... studies are not matched with the database: Actual-9 =/= Expected-13"><![CDATA[Error: Failed expectation
    at databaseConnect.then.dbResult (D:\PharmAcuity_AutomationTesting\pharmacuity-ui-automation\M&B-FPI_To_LPI\FPI_To_LPI.spec.js:172:53)
    at <anonymous>
    at process._tickCallback (internal/process/next_tick.js:188:7)]]>
   </failure>
   <failure type="toBe" message="For the country DENMARK studies are not matched with the database: Actual-2 =/= Expected-8"><![CDATA[Error: Failed expectation
    at databaseConnect.then.dbResult (D:\PharmAcuity_AutomationTesting\pharmacuity-ui-automation\M&B-FPI_To_LPI\FPI_To_LPI.spec.js:172:53)
    at <anonymous>
    at process._tickCallback (internal/process/next_tick.js:188:7)]]>
   </failure>
   <failure type="toBe" message="For the country EL SALVADOR studies are not matched with the database: Actual-1 =/= Expected-2"><![CDATA[Error: Failed expectation
    at databaseConnect.then.dbResult (D:\PharmAcuity_AutomationTesting\pharmacuity-ui-automation\M&B-FPI_To_LPI\FPI_To_LPI.spec.js:172:53)
    at <anonymous>
    at process._tickCallback (internal/process/next_tick.js:188:7)]]>
   </failure>
   <failure type="toBe" message="For the country ESTONIA studies are not matched with the database: Actual-1 =/= Expected-2"><![CDATA[Error: Failed expectation
    at databaseConnect.then.dbResult (D:\PharmAcuity_AutomationTesting\pharmacuity-ui-automation\M&B-FPI_To_LPI\FPI_To_LPI.spec.js:172:53)
    at <anonymous>
    at process._tickCallback (internal/process/next_tick.js:188:7)]]>
   </failure>
   <failure type="toBe" message="For the country FINLAND studies are not matched with the database: Actual-3 =/= Expected-4"><![CDATA[Error: Failed expectation
    at databaseConnect.then.dbResult (D:\PharmAcuity_AutomationTesting\pharmacuity-ui-automation\M&B-FPI_To_LPI\FPI_To_LPI.spec.js:172:53)
    at <anonymous>
    at process._tickCallback (internal/process/next_tick.js:188:7)]]>
   </failure>
   <failure type="toBe" message="For the country FRANCE studies are not matched with the database: Actual-32 =/= Expected-44"><![CDATA[Error: Failed expectation
    at databaseConnect.then.dbResult (D:\PharmAcuity_AutomationTesting\pharmacuity-ui-automation\M&B-FPI_To_LPI\FPI_To_LPI.spec.js:172:53)
    at <anonymous>
    at process._tickCallback (internal/process/next_tick.js:188:7)]]>
   </failure>
   <failure type="toBe" message="For the country GEORGIA studies are not matched with the database: Actual-NA =/= Expected-1"><![CDATA[Error: Failed expectation
    at databaseConnect.then.dbResult (D:\PharmAcuity_AutomationTesting\pharmacuity-ui-automation\M&B-FPI_To_LPI\FPI_To_LPI.spec.js:172:53)
    at <anonymous>
    at process._tickCallback (internal/process/next_tick.js:188:7)]]>
   </failure>
   <failure type="toBe" message="For the country GERMANY studies are not matched with the database: Actual-25 =/= Expected-38"><![CDATA[Error: Failed expectation
    at databaseConnect.then.dbResult (D:\PharmAcuity_AutomationTesting\pharmacuity-ui-automation\M&B-FPI_To_LPI\FPI_To_LPI.spec.js:172:53)
    at <anonymous>
    at process._tickCallback (internal/process/next_tick.js:188:7)]]>
   </failure>
   <failure type="toBe" message="For the country GREECE studies are not matched with the database: Actual-2 =/= Expected-3"><![CDATA[Error: Failed expectation
    at databaseConnect.then.dbResult (D:\PharmAcuity_AutomationTesting\pharmacuity-ui-automation\M&B-FPI_To_LPI\FPI_To_LPI.spec.js:172:53)
    at <anonymous>
    at process._tickCallback (internal/process/next_tick.js:188:7)]]>
   </failure>
   <failure type="toBe" message="For the country GUATEMALA studies are not matched with the database: Actual-1 =/= Expected-4"><![CDATA[Error: Failed expectation
    at databaseConnect.then.dbResult (D:\PharmAcuity_AutomationTesting\pharmacuity-ui-automation\M&B-FPI_To_LPI\FPI_To_LPI.spec.js:172:53)
    at <anonymous>
    at process._tickCallback (internal/process/next_tick.js:188:7)]]>
   </failure>
   <failure type="toBe" message="For the country HONG KONG studies are not matched with the database: Actual-3 =/= Expected-6"><![CDATA[Error: Failed expectation
    at databaseConnect.then.dbResult (D:\PharmAcuity_AutomationTesting\pharmacuity-ui-automation\M&B-FPI_To_LPI\FPI_To_LPI.spec.js:172:53)
    at <anonymous>
    at process._tickCallback (internal/process/next_tick.js:188:7)]]>
   </failure>
   <failure type="toBe" message="For the country HUNGARY studies are not matched with the database: Actual-9 =/= Expected-12"><![CDATA[Error: Failed expectation
    at databaseConnect.then.dbResult (D:\PharmAcuity_AutomationTesting\pharmacuity-ui-automation\M&B-FPI_To_LPI\FPI_To_LPI.spec.js:172:53)
    at <anonymous>
    at process._tickCallback (internal/process/next_tick.js:188:7)]]>
   </failure>
   <failure type="toBe" message="For the country IRELAND studies are not matched with the database: Actual-2 =/= Expected-3"><![CDATA[Error: Failed expectation
    at databaseConnect.then.dbResult (D:\PharmAcuity_AutomationTesting\pharmacuity-ui-automation\M&B-FPI_To_LPI\FPI_To_LPI.spec.js:172:53)
    at <anonymous>
    at process._tickCallback (internal/process/next_tick.js:188:7)]]>
   </failure>
   <failure type="toBe" message="For the country ITALY studies are not matched with the database: Actual-28 =/= Expected-37"><![CDATA[Error: Failed expectation
    at databaseConnect.then.dbResult (D:\PharmAcuity_AutomationTesting\pharmacuity-ui-automation\M&B-FPI_To_LPI\FPI_To_LPI.spec.js:172:53)
    at <anonymous>
    at process._tickCallback (internal/process/next_tick.js:188:7)]]>
   </failure>
   <failure type="toBe" message="For the country JAPAN studies are not matched with the database: Actual-2 =/= Expected-3"><![CDATA[Error: Failed expectation
    at databaseConnect.then.dbResult (D:\PharmAcuity_AutomationTesting\pharmacuity-ui-automation\M&B-FPI_To_LPI\FPI_To_LPI.spec.js:172:53)
    at <anonymous>
    at process._tickCallback (internal/process/next_tick.js:188:7)]]>
   </failure>
   <failure type="toBe" message="For the country MACEDONIA [F... studies are not matched with the database: Actual-1 =/= Expected-2"><![CDATA[Error: Failed expectation
    at databaseConnect.then.dbResult (D:\PharmAcuity_AutomationTesting\pharmacuity-ui-automation\M&B-FPI_To_LPI\FPI_To_LPI.spec.js:172:53)
    at <anonymous>
    at process._tickCallback (internal/process/next_tick.js:188:7)]]>
   </failure>
   <failure type="toBe" message="For the country MALAYSIA studies are not matched with the database: Actual-3 =/= Expected-5"><![CDATA[Error: Failed expectation
    at databaseConnect.then.dbResult (D:\PharmAcuity_AutomationTesting\pharmacuity-ui-automation\M&B-FPI_To_LPI\FPI_To_LPI.spec.js:172:53)
    at <anonymous>
    at process._tickCallback (internal/process/next_tick.js:188:7)]]>
   </failure>
   <failure type="toBe" message="For the country MEXICO studies are not matched with the database: Actual-7 =/= Expected-9"><![CDATA[Error: Failed expectation
    at databaseConnect.then.dbResult (D:\PharmAcuity_AutomationTesting\pharmacuity-ui-automation\M&B-FPI_To_LPI\FPI_To_LPI.spec.js:172:53)
    at <anonymous>
    at process._tickCallback (internal/process/next_tick.js:188:7)]]>
   </failure>
   <failure type="toBe" message="For the country NETHERLANDS studies are not matched with the database: Actual-14 =/= Expected-17"><![CDATA[Error: Failed expectation
    at databaseConnect.then.dbResult (D:\PharmAcuity_AutomationTesting\pharmacuity-ui-automation\M&B-FPI_To_LPI\FPI_To_LPI.spec.js:172:53)
    at <anonymous>
    at process._tickCallback (internal/process/next_tick.js:188:7)]]>
   </failure>
   <failure type="toBe" message="For the country NEW ZEALAND studies are not matched with the database: Actual-3 =/= Expected-6"><![CDATA[Error: Failed expectation
    at databaseConnect.then.dbResult (D:\PharmAcuity_AutomationTesting\pharmacuity-ui-automation\M&B-FPI_To_LPI\FPI_To_LPI.spec.js:172:53)
    at <anonymous>
    at process._tickCallback (internal/process/next_tick.js:188:7)]]>
   </failure>
   <failure type="toBe" message="For the country PANAMA studies are not matched with the database: Actual-2 =/= Expected-5"><![CDATA[Error: Failed expectation
    at databaseConnect.then.dbResult (D:\PharmAcuity_AutomationTesting\pharmacuity-ui-automation\M&B-FPI_To_LPI\FPI_To_LPI.spec.js:172:53)
    at <anonymous>
    at process._tickCallback (internal/process/next_tick.js:188:7)]]>
   </failure>
   <failure type="toBe" message="For the country PERU studies are not matched with the database: Actual-4 =/= Expected-7"><![CDATA[Error: Failed expectation
    at databaseConnect.then.dbResult (D:\PharmAcuity_AutomationTesting\pharmacuity-ui-automation\M&B-FPI_To_LPI\FPI_To_LPI.spec.js:172:53)
    at <anonymous>
    at process._tickCallback (internal/process/next_tick.js:188:7)]]>
   </failure>
   <failure type="toBe" message="For the country PHILIPPINES studies are not matched with the database: Actual-1 =/= Expected-3"><![CDATA[Error: Failed expectation
    at databaseConnect.then.dbResult (D:\PharmAcuity_AutomationTesting\pharmacuity-ui-automation\M&B-FPI_To_LPI\FPI_To_LPI.spec.js:172:53)
    at <anonymous>
    at process._tickCallback (internal/process/next_tick.js:188:7)]]>
   </failure>
   <failure type="toBe" message="For the country POLAND studies are not matched with the database: Actual-15 =/= Expected-19"><![CDATA[Error: Failed expectation
    at databaseConnect.then.dbResult (D:\PharmAcuity_AutomationTesting\pharmacuity-ui-automation\M&B-FPI_To_LPI\FPI_To_LPI.spec.js:172:53)
    at <anonymous>
    at process._tickCallback (internal/process/next_tick.js:188:7)]]>
   </failure>
   <failure type="toBe" message="For the country PORTUGAL studies are not matched with the database: Actual-6 =/= Expected-8"><![CDATA[Error: Failed expectation
    at databaseConnect.then.dbResult (D:\PharmAcuity_AutomationTesting\pharmacuity-ui-automation\M&B-FPI_To_LPI\FPI_To_LPI.spec.js:172:53)
    at <anonymous>
    at process._tickCallback (internal/process/next_tick.js:188:7)]]>
   </failure>
   <failure type="toBe" message="For the country PUERTO RICO studies are not matched with the database: Actual-NA =/= Expected-1"><![CDATA[Error: Failed expectation
    at databaseConnect.then.dbResult (D:\PharmAcuity_AutomationTesting\pharmacuity-ui-automation\M&B-FPI_To_LPI\FPI_To_LPI.spec.js:172:53)
    at <anonymous>
    at process._tickCallback (internal/process/next_tick.js:188:7)]]>
   </failure>
   <failure type="toBe" message="For the country ROMANIA studies are not matched with the database: Actual-5 =/= Expected-7"><![CDATA[Error: Failed expectation
    at databaseConnect.then.dbResult (D:\PharmAcuity_AutomationTesting\pharmacuity-ui-automation\M&B-FPI_To_LPI\FPI_To_LPI.spec.js:172:53)
    at <anonymous>
    at process._tickCallback (internal/process/next_tick.js:188:7)]]>
   </failure>
   <failure type="toBe" message="For the country RUSSIA studies are not matched with the database: Actual-11 =/= Expected-15"><![CDATA[Error: Failed expectation
    at databaseConnect.then.dbResult (D:\PharmAcuity_AutomationTesting\pharmacuity-ui-automation\M&B-FPI_To_LPI\FPI_To_LPI.spec.js:172:53)
    at <anonymous>
    at process._tickCallback (internal/process/next_tick.js:188:7)]]>
   </failure>
   <failure type="toBe" message="For the country SERBIA studies are not matched with the database: Actual-2 =/= Expected-4"><![CDATA[Error: Failed expectation
    at databaseConnect.then.dbResult (D:\PharmAcuity_AutomationTesting\pharmacuity-ui-automation\M&B-FPI_To_LPI\FPI_To_LPI.spec.js:172:53)
    at <anonymous>
    at process._tickCallback (internal/process/next_tick.js:188:7)]]>
   </failure>
   <failure type="toBe" message="For the country SINGAPORE studies are not matched with the database: Actual-3 =/= Expected-5"><![CDATA[Error: Failed expectation
    at databaseConnect.then.dbResult (D:\PharmAcuity_AutomationTesting\pharmacuity-ui-automation\M&B-FPI_To_LPI\FPI_To_LPI.spec.js:172:53)
    at <anonymous>
    at process._tickCallback (internal/process/next_tick.js:188:7)]]>
   </failure>
   <failure type="toBe" message="For the country SLOVAKIA studies are not matched with the database: Actual-1 =/= Expected-4"><![CDATA[Error: Failed expectation
    at databaseConnect.then.dbResult (D:\PharmAcuity_AutomationTesting\pharmacuity-ui-automation\M&B-FPI_To_LPI\FPI_To_LPI.spec.js:172:53)
    at <anonymous>
    at process._tickCallback (internal/process/next_tick.js:188:7)]]>
   </failure>
   <failure type="toBe" message="For the country SOUTH AFRICA studies are not matched with the database: Actual-1 =/= Expected-3"><![CDATA[Error: Failed expectation
    at databaseConnect.then.dbResult (D:\PharmAcuity_AutomationTesting\pharmacuity-ui-automation\M&B-FPI_To_LPI\FPI_To_LPI.spec.js:172:53)
    at <anonymous>
    at process._tickCallback (internal/process/next_tick.js:188:7)]]>
   </failure>
   <failure type="toBe" message="For the country SOUTH KOREA studies are not matched with the database: Actual-14 =/= Expected-20"><![CDATA[Error: Failed expectation
    at databaseConnect.then.dbResult (D:\PharmAcuity_AutomationTesting\pharmacuity-ui-automation\M&B-FPI_To_LPI\FPI_To_LPI.spec.js:172:53)
    at <anonymous>
    at process._tickCallback (internal/process/next_tick.js:188:7)]]>
   </failure>
   <failure type="toBe" message="For the country SPAIN studies are not matched with the database: Actual-29 =/= Expected-42"><![CDATA[Error: Failed expectation
    at databaseConnect.then.dbResult (D:\PharmAcuity_AutomationTesting\pharmacuity-ui-automation\M&B-FPI_To_LPI\FPI_To_LPI.spec.js:172:53)
    at <anonymous>
    at process._tickCallback (internal/process/next_tick.js:188:7)]]>
   </failure>
   <failure type="toBe" message="For the country SWEDEN studies are not matched with the database: Actual-4 =/= Expected-8"><![CDATA[Error: Failed expectation
    at databaseConnect.then.dbResult (D:\PharmAcuity_AutomationTesting\pharmacuity-ui-automation\M&B-FPI_To_LPI\FPI_To_LPI.spec.js:172:53)
    at <anonymous>
    at process._tickCallback (internal/process/next_tick.js:188:7)]]>
   </failure>
   <failure type="toBe" message="For the country SWITZERLAND studies are not matched with the database: Actual-9 =/= Expected-10"><![CDATA[Error: Failed expectation
    at databaseConnect.then.dbResult (D:\PharmAcuity_AutomationTesting\pharmacuity-ui-automation\M&B-FPI_To_LPI\FPI_To_LPI.spec.js:172:53)
    at <anonymous>
    at process._tickCallback (internal/process/next_tick.js:188:7)]]>
   </failure>
   <failure type="toBe" message="For the country TAIWAN studies are not matched with the database: Actual-8 =/= Expected-11"><![CDATA[Error: Failed expectation
    at databaseConnect.then.dbResult (D:\PharmAcuity_AutomationTesting\pharmacuity-ui-automation\M&B-FPI_To_LPI\FPI_To_LPI.spec.js:172:53)
    at <anonymous>
    at process._tickCallback (internal/process/next_tick.js:188:7)]]>
   </failure>
   <failure type="toBe" message="For the country THAILAND studies are not matched with the database: Actual-6 =/= Expected-10"><![CDATA[Error: Failed expectation
    at databaseConnect.then.dbResult (D:\PharmAcuity_AutomationTesting\pharmacuity-ui-automation\M&B-FPI_To_LPI\FPI_To_LPI.spec.js:172:53)
    at <anonymous>
    at process._tickCallback (internal/process/next_tick.js:188:7)]]>
   </failure>
   <failure type="toBe" message="For the country TURKEY studies are not matched with the database: Actual-4 =/= Expected-9"><![CDATA[Error: Failed expectation
    at databaseConnect.then.dbResult (D:\PharmAcuity_AutomationTesting\pharmacuity-ui-automation\M&B-FPI_To_LPI\FPI_To_LPI.spec.js:172:53)
    at <anonymous>
    at process._tickCallback (internal/process/next_tick.js:188:7)]]>
   </failure>
   <failure type="toBe" message="For the country UNITED KINGD... studies are not matched with the database: Actual-22 =/= Expected-29"><![CDATA[Error: Failed expectation
    at databaseConnect.then.dbResult (D:\PharmAcuity_AutomationTesting\pharmacuity-ui-automation\M&B-FPI_To_LPI\FPI_To_LPI.spec.js:172:53)
    at <anonymous>
    at process._tickCallback (internal/process/next_tick.js:188:7)]]>
   </failure>
   <failure type="toBe" message="For the country UNITED STATE... studies are not matched with the database: Actual-52 =/= Expected-65"><![CDATA[Error: Failed expectation
    at databaseConnect.then.dbResult (D:\PharmAcuity_AutomationTesting\pharmacuity-ui-automation\M&B-FPI_To_LPI\FPI_To_LPI.spec.js:172:53)
    at <anonymous>
    at process._tickCallback (internal/process/next_tick.js:188:7)]]>
   </failure>
  </testcase>
  <testcase classname="M&amp;B FPI-LPI Page" name="should be matched Average Box Plots value of Sponsor with the database value for the given filter options" time="329.531" />
  <testcase classname="M&amp;B FPI-LPI Page" name="should be matched Median Box Plots value of Sponsor with the database value for the given filter options" time="327.954" />
  <testcase classname="M&amp;B FPI-LPI Page" name="should be matched Studies Box Plots value of Competition with the database value for the given filter options" time="36.057">
   <failure type="exception" message="Failed: unknown error: Element &lt;md-menu-item ng-repeat=&quot;phx in ctrl.phxModules&quot; ng-click=&quot;ctrl.changeSelectedApp($index)&quot; ng-show=&quot;!ctrl._isDisabled(&apos;PharmAcuity&apos;)&quot; class=&quot;ng-scope&quot; role=&quot;button&quot; tabindex=&quot;0&quot; aria-hidden=&quot;false&quot; style=&quot;color: Red; border: 2px solid red;&quot;&gt;...&lt;/md-menu-item&gt; is not clickable at point (423, 57). Other element would receive the click: &lt;md-backdrop class=&quot;md-menu-backdrop md-click-catcher ng-scope&quot;&gt;&lt;/md-backdrop&gt;
  (Session info: chrome=68.0.3440.106)
  (Driver info: chromedriver=2.41.578737 (49da6702b16031c40d63e5618de03a32ff6c197e),platform=Windows NT 10.0.16299 x86_64)"><![CDATA[WebDriverError: unknown error: Element <md-menu-item ng-repeat="phx in ctrl.phxModules" ng-click="ctrl.changeSelectedApp($index)" ng-show="!ctrl._isDisabled('PharmAcuity')" class="ng-scope" role="button" tabindex="0" aria-hidden="false" style="color: Red; border: 2px solid red;">...</md-menu-item> is not clickable at point (423, 57). Other element would receive the click: <md-backdrop class="md-menu-backdrop md-click-catcher ng-scope"></md-backdrop>
  (Session info: chrome=68.0.3440.106)
  (Driver info: chromedriver=2.41.578737 (49da6702b16031c40d63e5618de03a32ff6c197e),platform=Windows NT 10.0.16299 x86_64)
    at Object.checkLegacyResponse (C:\Users\DibaS\AppData\Roaming\npm\node_modules\protractor\node_modules\selenium-webdriver\lib\error.js:546:15)
    at parseHttpResponse (C:\Users\DibaS\AppData\Roaming\npm\node_modules\protractor\node_modules\selenium-webdriver\lib\http.js:509:13)
    at doSend.then.response (C:\Users\DibaS\AppData\Roaming\npm\node_modules\protractor\node_modules\selenium-webdriver\lib\http.js:441:30)
    at <anonymous>
    at process._tickCallback (internal/process/next_tick.js:188:7)
From: Task: WebElement.click()
    at thenableWebDriverProxy.schedule (C:\Users\DibaS\AppData\Roaming\npm\node_modules\protractor\node_modules\selenium-webdriver\lib\webdriver.js:807:17)
    at WebElement.schedule_ (C:\Users\DibaS\AppData\Roaming\npm\node_modules\protractor\node_modules\selenium-webdriver\lib\webdriver.js:2010:25)
    at WebElement.click (C:\Users\DibaS\AppData\Roaming\npm\node_modules\protractor\node_modules\selenium-webdriver\lib\webdriver.js:2092:17)
    at actionFn (C:\Users\DibaS\AppData\Roaming\npm\node_modules\protractor\built\element.js:89:44)
    at Array.map (<anonymous>)
    at actionResults.getWebElements.then (C:\Users\DibaS\AppData\Roaming\npm\node_modules\protractor\built\element.js:461:65)
    at ManagedPromise.invokeCallback_ (C:\Users\DibaS\AppData\Roaming\npm\node_modules\protractor\node_modules\selenium-webdriver\lib\promise.js:1376:14)
    at TaskQueue.execute_ (C:\Users\DibaS\AppData\Roaming\npm\node_modules\protractor\node_modules\selenium-webdriver\lib\promise.js:3084:14)
    at TaskQueue.executeNext_ (C:\Users\DibaS\AppData\Roaming\npm\node_modules\protractor\node_modules\selenium-webdriver\lib\promise.js:3067:27)
    at asyncRun (C:\Users\DibaS\AppData\Roaming\npm\node_modules\protractor\node_modules\selenium-webdriver\lib\promise.js:2927:27)Error
    at ElementArrayFinder.applyAction_ (C:\Users\DibaS\AppData\Roaming\npm\node_modules\protractor\built\element.js:459:27)
    at ElementArrayFinder.(anonymous function).args [as click] (C:\Users\DibaS\AppData\Roaming\npm\node_modules\protractor\built\element.js:91:29)
    at ElementFinder.(anonymous function).args [as click] (C:\Users\DibaS\AppData\Roaming\npm\node_modules\protractor\built\element.js:831:22)
    at D:\PharmAcuity_AutomationTesting\pharmacuity-ui-automation\MetricsAndBenchmarking\MetricsAndBenchmarking.po.js:12:24
    at ManagedPromise.invokeCallback_ (C:\Users\DibaS\AppData\Roaming\npm\node_modules\protractor\node_modules\selenium-webdriver\lib\promise.js:1376:14)
    at TaskQueue.execute_ (C:\Users\DibaS\AppData\Roaming\npm\node_modules\protractor\node_modules\selenium-webdriver\lib\promise.js:3084:14)
    at TaskQueue.executeNext_ (C:\Users\DibaS\AppData\Roaming\npm\node_modules\protractor\node_modules\selenium-webdriver\lib\promise.js:3067:27)
    at asyncRun (C:\Users\DibaS\AppData\Roaming\npm\node_modules\protractor\node_modules\selenium-webdriver\lib\promise.js:2927:27)
    at C:\Users\DibaS\AppData\Roaming\npm\node_modules\protractor\node_modules\selenium-webdriver\lib\promise.js:668:7
    at <anonymous>
From: Task: Run it("should be matched Studies Box Plots value of Competition with the database value for the given filter options") in control flow
    at UserContext.<anonymous> (C:\Users\DibaS\AppData\Roaming\npm\node_modules\protractor\node_modules\jasminewd2\index.js:94:19)
    at attempt (C:\Users\DibaS\AppData\Roaming\npm\node_modules\protractor\node_modules\jasmine-core\lib\jasmine-core\jasmine.js:4297:26)
    at QueueRunner.run (C:\Users\DibaS\AppData\Roaming\npm\node_modules\protractor\node_modules\jasmine-core\lib\jasmine-core\jasmine.js:4217:20)
    at QueueRunner.execute (C:\Users\DibaS\AppData\Roaming\npm\node_modules\protractor\node_modules\jasmine-core\lib\jasmine-core\jasmine.js:4199:10)
    at Spec.queueRunnerFactory (C:\Users\DibaS\AppData\Roaming\npm\node_modules\protractor\node_modules\jasmine-core\lib\jasmine-core\jasmine.js:909:35)
    at Spec.execute (C:\Users\DibaS\AppData\Roaming\npm\node_modules\protractor\node_modules\jasmine-core\lib\jasmine-core\jasmine.js:526:10)
    at UserContext.fn (C:\Users\DibaS\AppData\Roaming\npm\node_modules\protractor\node_modules\jasmine-core\lib\jasmine-core\jasmine.js:5340:37)
    at attempt (C:\Users\DibaS\AppData\Roaming\npm\node_modules\protractor\node_modules\jasmine-core\lib\jasmine-core\jasmine.js:4297:26)
    at QueueRunner.run (C:\Users\DibaS\AppData\Roaming\npm\node_modules\protractor\node_modules\jasmine-core\lib\jasmine-core\jasmine.js:4217:20)
    at runNext (C:\Users\DibaS\AppData\Roaming\npm\node_modules\protractor\node_modules\jasmine-core\lib\jasmine-core\jasmine.js:4257:20)
From asynchronous test: 
Error
    at Suite.<anonymous> (D:\PharmAcuity_AutomationTesting\pharmacuity-ui-automation\M&B-FPI_To_LPI\FPI_To_LPI.spec.js:447:3)
    at addSpecsToSuite (C:\Users\DibaS\AppData\Roaming\npm\node_modules\protractor\node_modules\jasmine-core\lib\jasmine-core\jasmine.js:1107:25)
    at Env.describe (C:\Users\DibaS\AppData\Roaming\npm\node_modules\protractor\node_modules\jasmine-core\lib\jasmine-core\jasmine.js:1074:7)
    at describe (C:\Users\DibaS\AppData\Roaming\npm\node_modules\protractor\node_modules\jasmine-core\lib\jasmine-core\jasmine.js:4399:18)
    at Object.<anonymous> (D:\PharmAcuity_AutomationTesting\pharmacuity-ui-automation\M&B-FPI_To_LPI\FPI_To_LPI.spec.js:27:1)
    at Module._compile (module.js:652:30)
    at Object.Module._extensions..js (module.js:663:10)
    at Module.load (module.js:565:32)
    at tryModuleLoad (module.js:505:12)]]>
   </failure>
  </testcase>
  <testcase classname="M&amp;B FPI-LPI Page" name="should be matched Average Box Plots value of Competition with the database value for the given filter options" time="0.973" />
  <testcase classname="M&amp;B FPI-LPI Page" name="should be matched Median Box Plots value of Competition with the database value for the given filter options" time="0.086" />
 </testsuite>
</testsuites>